::1 - - [27/Oct/2022:14:01:58 +0000] "POST /api/v1/users/signup HTTP/1.1" 500 1485 "-" "PostmanRuntime/7.29.2"
::1 - - [27/Oct/2022:14:05:12 +0000] "POST /api/v1/users/signup HTTP/1.1" 500 693 "-" "PostmanRuntime/7.29.2"
::1 - - [27/Oct/2022:14:11:27 +0000] "POST /api/v1/users/signup HTTP/1.1" 500 1503 "-" "PostmanRuntime/7.29.2"
::1 - - [27/Oct/2022:14:17:02 +0000] "POST /api/v1/users/signup HTTP/1.1" 201 367 "-" "PostmanRuntime/7.29.2"
::1 - - [27/Oct/2022:14:19:37 +0000] "POST /api/v1/users/signup HTTP/1.1" 201 374 "-" "PostmanRuntime/7.29.2"
::1 - - [27/Oct/2022:14:21:31 +0000] "POST /api/v1/users/signup HTTP/1.1" 201 374 "-" "PostmanRuntime/7.29.2"
::1 - - [27/Oct/2022:14:22:08 +0000] "POST /api/v1/users/signin HTTP/1.1" 200 353 "-" "PostmanRuntime/7.29.2"
::1 - - [27/Oct/2022:14:43:13 +0000] "POST /api/v1/users/signup HTTP/1.1" 500 697 "-" "PostmanRuntime/7.29.2"
::1 - - [27/Oct/2022:14:43:52 +0000] "POST /api/v1/users/signup HTTP/1.1" 201 387 "-" "PostmanRuntime/7.29.2"
::1 - - [27/Oct/2022:14:45:44 +0000] "POST /api/v1/users/signin HTTP/1.1" 200 373 "-" "PostmanRuntime/7.29.2"
::1 - - [27/Oct/2022:14:51:52 +0000] "POST /api/v1/users/signup HTTP/1.1" 201 380 "-" "PostmanRuntime/7.29.2"
::1 - - [27/Oct/2022:14:52:38 +0000] "POST /api/v1/users/signin HTTP/1.1" 200 373 "-" "PostmanRuntime/7.29.2"
::1 - - [27/Oct/2022:14:53:00 +0000] "POST /api/v1/users/forgot-password HTTP/1.1" 500 569 "-" "PostmanRuntime/7.29.2"
::1 - - [27/Oct/2022:14:53:58 +0000] "POST /api/v1/users/forgot-password HTTP/1.1" 500 569 "-" "PostmanRuntime/7.29.2"
::1 - - [27/Oct/2022:14:55:48 +0000] "GET /api/v1/users/635a9b084cba9a3b7dae4976 HTTP/1.1" 200 184 "-" "PostmanRuntime/7.29.2"
::1 - - [27/Oct/2022:14:56:46 +0000] "GET /api/v1/users HTTP/1.1" 200 338 "-" "PostmanRuntime/7.29.2"
::1 - - [29/Oct/2022:15:14:29 +0000] "POST /api/v1/products/new HTTP/1.1" 404 1232 "-" "PostmanRuntime/7.29.2"
::1 - - [29/Oct/2022:15:15:05 +0000] "POST /api/v1/products/ HTTP/1.1" 401 1275 "-" "PostmanRuntime/7.29.2"
::1 - - [29/Oct/2022:15:22:06 +0000] "POST /api/v1/shops/new HTTP/1.1" 404 1229 "-" "PostmanRuntime/7.29.2"
::1 - - [29/Oct/2022:15:27:59 +0000] "POST /api/v1/shops/new HTTP/1.1" 500 47 "-" "PostmanRuntime/7.29.2"
::1 - - [29/Oct/2022:15:30:10 +0000] "POST /api/v1/shops/new HTTP/1.1" 500 47 "-" "PostmanRuntime/7.29.2"
::1 - - [29/Oct/2022:15:52:55 +0000] "POST /api/v1/users/signUp HTTP/1.1" 201 377 "-" "PostmanRuntime/7.29.2"
::1 - - [29/Oct/2022:15:53:55 +0000] "POST /api/v1/shops/new HTTP/1.1" 200 820 "-" "PostmanRuntime/7.29.2"
::1 - - [29/Oct/2022:16:10:02 +0000] "GET /api/v1/products/ HTTP/1.1" 500 47 "-" "PostmanRuntime/7.29.2"
::1 - - [29/Oct/2022:16:14:03 +0000] "GET /api/v1/products/ HTTP/1.1" 500 47 "-" "PostmanRuntime/7.29.2"
::1 - - [29/Oct/2022:16:16:26 +0000] "GET /api/v1/products/ HTTP/1.1" 500 47 "-" "PostmanRuntime/7.29.2"
::1 - - [29/Oct/2022:16:16:57 +0000] "GET /api/v1/products/ HTTP/1.1" 500 47 "-" "PostmanRuntime/7.29.2"
::1 - - [29/Oct/2022:16:18:20 +0000] "GET /api/v1/products/ HTTP/1.1" 500 47 "-" "PostmanRuntime/7.29.2"
::1 - - [29/Oct/2022:16:22:02 +0000] "GET /api/v1/products/ HTTP/1.1" 500 47 "-" "PostmanRuntime/7.29.2"
::1 - - [29/Oct/2022:16:22:56 +0000] "GET /api/v1/products/ HTTP/1.1" 500 47 "-" "PostmanRuntime/7.29.2"
::1 - - [29/Oct/2022:16:23:23 +0000] "GET /api/v1/products/ HTTP/1.1" 500 47 "-" "PostmanRuntime/7.29.2"
::1 - - [29/Oct/2022:16:23:56 +0000] "GET /api/v1/products/ HTTP/1.1" 500 47 "-" "PostmanRuntime/7.29.2"
::1 - - [29/Oct/2022:16:24:08 +0000] "GET /api/v1/products/ HTTP/1.1" 500 47 "-" "PostmanRuntime/7.29.2"
::1 - - [29/Oct/2022:16:25:37 +0000] "GET /api/v1/products HTTP/1.1" 500 47 "-" "PostmanRuntime/7.29.2"
::1 - - [29/Oct/2022:16:26:19 +0000] "GET /api/v1/products/new HTTP/1.1" 500 47 "-" "PostmanRuntime/7.29.2"
::1 - - [29/Oct/2022:16:27:43 +0000] "POST /api/v1/products/new HTTP/1.1" 401 1275 "-" "PostmanRuntime/7.29.2"
::1 - - [29/Oct/2022:16:28:16 +0000] "POST /api/v1/products/new HTTP/1.1" 500 1248 "-" "PostmanRuntime/7.29.2"
::1 - - [29/Oct/2022:16:29:27 +0000] "POST /api/v1/users/login HTTP/1.1" 404 1231 "-" "PostmanRuntime/7.29.2"
::1 - - [29/Oct/2022:16:29:58 +0000] "POST /api/v1/users/signIn HTTP/1.1" 200 363 "-" "PostmanRuntime/7.29.2"
::1 - - [29/Oct/2022:16:30:03 +0000] "POST /api/v1/products/new HTTP/1.1" 500 1248 "-" "PostmanRuntime/7.29.2"
::1 - - [29/Oct/2022:16:30:40 +0000] "POST /api/v1/products/new HTTP/1.1" 403 681 "-" "PostmanRuntime/7.29.2"
::1 - - [29/Oct/2022:16:33:21 +0000] "POST /api/v1/products/new HTTP/1.1" 500 485 "-" "PostmanRuntime/7.29.2"
::1 - - [29/Oct/2022:16:35:11 +0000] "POST /api/v1/products/new HTTP/1.1" - - "-" "PostmanRuntime/7.29.2"
::1 - - [29/Oct/2022:16:36:10 +0000] "POST /api/v1/products/new HTTP/1.1" 500 485 "-" "PostmanRuntime/7.29.2"
::1 - - [29/Oct/2022:16:40:53 +0000] "POST /api/v1/products/new HTTP/1.1" 200 52 "-" "PostmanRuntime/7.29.2"
::1 - - [29/Oct/2022:16:42:04 +0000] "POST /api/v1/products/new HTTP/1.1" 200 52 "-" "PostmanRuntime/7.29.2"
::1 - - [29/Oct/2022:16:47:22 +0000] "POST /api/v1/products/new HTTP/1.1" - - "-" "PostmanRuntime/7.29.2"
::1 - - [29/Oct/2022:16:47:54 +0000] "POST /api/v1/products/new HTTP/1.1" 200 54 "-" "PostmanRuntime/7.29.2"
::1 - - [29/Oct/2022:19:16:44 +0000] "POST /api/v1/products/new HTTP/1.1" 200 54 "-" "PostmanRuntime/7.29.2"
::1 - - [29/Oct/2022:19:23:39 +0000] "PUT /api/v1/products/635d55fab906fb75c57c9b33 HTTP/1.1" 404 57 "-" "PostmanRuntime/7.29.2"
::1 - - [29/Oct/2022:19:24:06 +0000] "PUT /api/v1/products/635d55fab906fb75c57c9b33 HTTP/1.1" 404 57 "-" "PostmanRuntime/7.29.2"
::1 - - [29/Oct/2022:19:24:45 +0000] "PUT /api/v1/products/635d55fab906fb75c57c9b33 HTTP/1.1" 500 47 "-" "PostmanRuntime/7.29.2"
::1 - - [29/Oct/2022:19:25:36 +0000] "PUT /api/v1/products/635d55fab906fb75c57c9b33 HTTP/1.1" 200 1132 "-" "PostmanRuntime/7.29.2"
::1 - - [29/Oct/2022:22:02:40 +0000] "POST /api/v1/products/many HTTP/1.1" 200 62 "-" "PostmanRuntime/7.29.2"
::1 - - [29/Oct/2022:22:06:58 +0000] "GET /api/v1/products/ HTTP/1.1" 500 47 "-" "PostmanRuntime/7.29.2"
::1 - - [29/Oct/2022:22:07:35 +0000] "GET /api/v1/products/ HTTP/1.1" 200 45950 "-" "PostmanRuntime/7.29.2"
::1 - - [29/Oct/2022:22:19:59 +0000] "GET /api/v1/products/ HTTP/1.1" 200 45950 "-" "PostmanRuntime/7.29.2"
::1 - - [29/Oct/2022:22:24:38 +0000] "GET /api/v1/products/635da30069151c074399500f HTTP/1.1" 500 47 "-" "PostmanRuntime/7.29.2"
::1 - - [29/Oct/2022:22:25:03 +0000] "GET /api/v1/products/635da30069151c074399500f HTTP/1.1" 200 1130 "-" "PostmanRuntime/7.29.2"
::1 - - [29/Oct/2022:22:27:02 +0000] "GET /api/v1/products/635da30069151c074399500f HTTP/1.1" 500 47 "-" "PostmanRuntime/7.29.2"
::1 - - [29/Oct/2022:22:27:25 +0000] "GET /api/v1/products/635da30069151c074399500f HTTP/1.1" 200 1130 "-" "PostmanRuntime/7.29.2"
::1 - - [29/Oct/2022:22:28:21 +0000] "GET /api/v1/products/635da30069151c074399500c HTTP/1.1" 200 1130 "-" "PostmanRuntime/7.29.2"
::1 - - [29/Oct/2022:22:29:34 +0000] "GET /api/v1/products/635da30069151c074399500c HTTP/1.1" 200 1694 "-" "PostmanRuntime/7.29.2"
::1 - - [29/Oct/2022:22:55:27 +0000] "POST /api/v1/products/latest HTTP/1.1" 404 1235 "-" "PostmanRuntime/7.29.2"
::1 - - [29/Oct/2022:22:55:53 +0000] "GET /api/v1/products/latest HTTP/1.1" 500 47 "-" "PostmanRuntime/7.29.2"
::1 - - [29/Oct/2022:22:56:48 +0000] "GET /api/v1/products/latest HTTP/1.1" 500 47 "-" "PostmanRuntime/7.29.2"
::1 - - [29/Oct/2022:22:57:15 +0000] "GET /api/v1/products/latest HTTP/1.1" 500 47 "-" "PostmanRuntime/7.29.2"
::1 - - [29/Oct/2022:22:58:37 +0000] "GET /api/v1/products/latest HTTP/1.1" 500 47 "-" "PostmanRuntime/7.29.2"
::1 - - [29/Oct/2022:22:59:23 +0000] "GET /api/v1/products/latest HTTP/1.1" 500 47 "-" "PostmanRuntime/7.29.2"
::1 - - [29/Oct/2022:22:59:33 +0000] "GET /api/v1/products/latest HTTP/1.1" 500 47 "-" "PostmanRuntime/7.29.2"
::1 - - [29/Oct/2022:23:04:09 +0000] "GET /api/v1/products/Food%20Grocery%20Bundle HTTP/1.1" 500 47 "-" "PostmanRuntime/7.29.2"
::1 - - [29/Oct/2022:23:04:47 +0000] "GET /api/v1/products/:category HTTP/1.1" 500 47 "-" "PostmanRuntime/7.29.2"
::1 - - [29/Oct/2022:23:06:54 +0000] "GET /api/v1/products/:category HTTP/1.1" 500 47 "-" "PostmanRuntime/7.29.2"
::1 - - [29/Oct/2022:23:08:46 +0000] "GET /api/v1/products/Food%20Grocery%20Bundle HTTP/1.1" 500 47 "-" "PostmanRuntime/7.29.2"
::1 - - [29/Oct/2022:23:09:36 +0000] "GET /api/v1/products/Gaming HTTP/1.1" 500 47 "-" "PostmanRuntime/7.29.2"
::1 - - [29/Oct/2022:23:10:13 +0000] "GET /api/v1/products/Gaming HTTP/1.1" 500 47 "-" "PostmanRuntime/7.29.2"
::1 - - [29/Oct/2022:23:10:54 +0000] "GET /api/v1/products/Gaming HTTP/1.1" 500 47 "-" "PostmanRuntime/7.29.2"
::1 - - [29/Oct/2022:23:13:03 +0000] "GET /api/v1/products/Gaming HTTP/1.1" 500 47 "-" "PostmanRuntime/7.29.2"
::1 - - [29/Oct/2022:23:14:28 +0000] "GET /api/v1/products/Gaming HTTP/1.1" 500 47 "-" "PostmanRuntime/7.29.2"
::1 - - [29/Oct/2022:23:15:58 +0000] "POST /api/v1/users/signIn HTTP/1.1" 200 363 "-" "PostmanRuntime/7.29.2"
::1 - - [29/Oct/2022:23:16:58 +0000] "GET /api/v1/products/Gaming HTTP/1.1" 500 47 "-" "PostmanRuntime/7.29.2"
::1 - - [29/Oct/2022:23:20:32 +0000] "GET /api/v1/products/Gaming HTTP/1.1" 500 47 "-" "PostmanRuntime/7.29.2"
::1 - - [29/Oct/2022:23:20:44 +0000] "GET /api/v1/products/category HTTP/1.1" 500 47 "-" "PostmanRuntime/7.29.2"
::1 - - [29/Oct/2022:23:22:34 +0000] "GET /api/v1/products/category HTTP/1.1" 500 47 "-" "PostmanRuntime/7.29.2"
::1 - - [30/Oct/2022:18:29:48 +0000] "GET /api/v1/products/category HTTP/1.1" 500 47 "-" "PostmanRuntime/7.29.2"
::1 - - [30/Oct/2022:18:33:57 +0000] "GET /api/v1/products/category HTTP/1.1" 500 47 "-" "PostmanRuntime/7.29.2"
::1 - - [30/Oct/2022:18:34:48 +0000] "GET /api/v1/products/category HTTP/1.1" 500 47 "-" "PostmanRuntime/7.29.2"
::1 - - [30/Oct/2022:18:34:59 +0000] "GET /api/v1/products/category HTTP/1.1" 500 47 "-" "PostmanRuntime/7.29.2"
::1 - - [30/Oct/2022:18:36:58 +0000] "GET /api/v1/products/635da30069151c074399500c HTTP/1.1" 200 5683 "-" "PostmanRuntime/7.29.2"
::1 - - [30/Oct/2022:18:38:34 +0000] "GET /api/v1/products/category HTTP/1.1" 200 5683 "-" "PostmanRuntime/7.29.2"
::1 - - [30/Oct/2022:18:38:41 +0000] "GET /api/v1/products/category HTTP/1.1" 200 5683 "-" "PostmanRuntime/7.29.2"
::1 - - [30/Oct/2022:18:40:09 +0000] "GET /api/v1/products/category HTTP/1.1" 200 5683 "-" "PostmanRuntime/7.29.2"
::1 - - [31/Oct/2022:08:59:26 +0000] "GET /api/v1/products/category HTTP/1.1" 200 52 "-" "PostmanRuntime/7.29.2"
::1 - - [31/Oct/2022:09:00:54 +0000] "GET /api/v1/products/Beauty%20and%20Health HTTP/1.1" 200 52 "-" "PostmanRuntime/7.29.2"
::1 - - [31/Oct/2022:09:01:18 +0000] "GET /api/v1/products/Beauty%20and%20Health HTTP/1.1" 200 52 "-" "PostmanRuntime/7.29.2"
::1 - - [31/Oct/2022:09:02:10 +0000] "GET /api/v1/products/Gaming HTTP/1.1" 200 52 "-" "PostmanRuntime/7.29.2"
::1 - - [31/Oct/2022:09:05:48 +0000] "GET /api/v1/products/Gaming HTTP/1.1" 200 52 "-" "PostmanRuntime/7.29.2"
::1 - - [31/Oct/2022:09:06:05 +0000] "GET /api/v1/products/Gaming HTTP/1.1" 200 52 "-" "PostmanRuntime/7.29.2"
::1 - - [31/Oct/2022:09:07:09 +0000] "GET /api/v1/products/Gaming HTTP/1.1" 200 52 "-" "PostmanRuntime/7.29.2"
::1 - - [31/Oct/2022:09:10:23 +0000] "GET /api/v1/products/categories/Gaming HTTP/1.1" 200 5683 "-" "PostmanRuntime/7.29.2"
::1 - - [31/Oct/2022:09:10:39 +0000] "GET /api/v1/products/ HTTP/1.1" 200 28166 "-" "PostmanRuntime/7.29.2"
::1 - - [31/Oct/2022:09:11:04 +0000] "GET /api/v1/products/categories/babies%20and%20kids HTTP/1.1" 200 2573 "-" "PostmanRuntime/7.29.2"
::1 - - [31/Oct/2022:09:11:17 +0000] "GET /api/v1/products/categories/babiesandkids HTTP/1.1" 200 52 "-" "PostmanRuntime/7.29.2"
::1 - - [31/Oct/2022:09:11:31 +0000] "GET /api/v1/products/categories/babies%20and%20kids HTTP/1.1" 200 2573 "-" "PostmanRuntime/7.29.2"
::1 - - [31/Oct/2022:09:12:16 +0000] "GET /api/v1/products/latest HTTP/1.1" 200 52 "-" "PostmanRuntime/7.29.2"
::1 - - [31/Oct/2022:09:12:20 +0000] "GET /api/v1/products/latest HTTP/1.1" 200 52 "-" "PostmanRuntime/7.29.2"
::1 - - [31/Oct/2022:09:13:33 +0000] "GET /api/v1/products/latest HTTP/1.1" - - "-" "PostmanRuntime/7.29.2"
::1 - - [31/Oct/2022:09:13:36 +0000] "GET /api/v1/products/latest HTTP/1.1" 200 28166 "-" "PostmanRuntime/7.29.2"
::1 - - [31/Oct/2022:09:47:37 +0000] "GET /api/v1/shops/?name=Jumia%20Shop HTTP/1.1" 404 1254 "-" "PostmanRuntime/7.29.2"
::1 - - [31/Oct/2022:09:48:26 +0000] "GET /api/v1/shops/shop/?name=Jumia%20Shop HTTP/1.1" 200 48 "-" "PostmanRuntime/7.29.2"
::1 - - [31/Oct/2022:09:50:44 +0000] "GET /api/v1/shops/shop/?name=Jumia%20Shop HTTP/1.1" 200 48 "-" "PostmanRuntime/7.29.2"
::1 - - [31/Oct/2022:09:51:21 +0000] "GET /api/v1/shops/shop/?name=Jumia%20Shop HTTP/1.1" 500 47 "-" "PostmanRuntime/7.29.2"
::1 - - [31/Oct/2022:09:51:47 +0000] "GET /api/v1/shops/shop/?name=Jumia%20Shop HTTP/1.1" 200 48 "-" "PostmanRuntime/7.29.2"
::1 - - [31/Oct/2022:09:52:27 +0000] "GET /api/v1/shops/shop/?name=Jumia%20Shop HTTP/1.1" 200 48 "-" "PostmanRuntime/7.29.2"
::1 - - [31/Oct/2022:09:53:15 +0000] "GET /api/v1/shops/shop/?name=Jumia%20Shop HTTP/1.1" 404 41 "-" "PostmanRuntime/7.29.2"
::1 - - [31/Oct/2022:10:02:55 +0000] "GET /api/v1/shops/shop/?name=Jumia%20Shop HTTP/1.1" 200 559 "-" "PostmanRuntime/7.29.2"
::1 - - [31/Oct/2022:10:04:15 +0000] "POST /api/v1/shops/new HTTP/1.1" 200 820 "-" "PostmanRuntime/7.29.2"
::1 - - [31/Oct/2022:10:04:28 +0000] "GET /api/v1/shops/shop/?name=Jumia%20Shop HTTP/1.1" 200 1305 "-" "PostmanRuntime/7.29.2"
::1 - - [31/Oct/2022:10:08:59 +0000] "GET /api/v1/shops/shop/?name=Jumia%20Shop HTTP/1.1" 200 793 "-" "PostmanRuntime/7.29.2"
::1 - - [31/Oct/2022:10:11:47 +0000] "POST /api/v1/shops/new HTTP/1.1" 500 47 "-" "PostmanRuntime/7.29.2"
::1 - - [31/Oct/2022:10:17:28 +0000] "GET /api/v1/products/635da30069151c074399500c HTTP/1.1" 200 953 "-" "PostmanRuntime/7.29.2"
::1 - - [31/Oct/2022:10:19:22 +0000] "POST /api/v1/shops/new HTTP/1.1" 200 824 "-" "PostmanRuntime/7.29.2"
::1 - - [31/Oct/2022:10:19:35 +0000] "POST /api/v1/shops/new HTTP/1.1" 500 47 "-" "PostmanRuntime/7.29.2"
::1 - - [31/Oct/2022:10:20:20 +0000] "POST /api/v1/shops/new HTTP/1.1" 500 47 "-" "PostmanRuntime/7.29.2"
::1 - - [31/Oct/2022:10:20:31 +0000] "POST /api/v1/shops/new HTTP/1.1" 409 75 "-" "PostmanRuntime/7.29.2"
::1 - - [31/Oct/2022:10:21:00 +0000] "GET /api/v1/shops/shop/?name=Konga%20Shop HTTP/1.1" 200 797 "-" "PostmanRuntime/7.29.2"
::1 - - [31/Oct/2022:10:25:32 +0000] "POST /api/v1/products/ HTTP/1.1" - - "-" "PostmanRuntime/7.29.2"
::1 - - [31/Oct/2022:10:25:36 +0000] "POST /api/v1/products/many HTTP/1.1" 200 62 "-" "PostmanRuntime/7.29.2"
::1 - - [31/Oct/2022:10:26:07 +0000] "GET /api/v1/products/ HTTP/1.1" 200 71161 "-" "PostmanRuntime/7.29.2"
::1 - - [31/Oct/2022:10:26:17 +0000] "GET /api/v1/products/latest HTTP/1.1" 200 71161 "-" "PostmanRuntime/7.29.2"
::1 - - [31/Oct/2022:10:29:21 +0000] "GET /api/v1/shops/shop/?name=Konga%20Shop HTTP/1.1" 200 797 "-" "PostmanRuntime/7.29.2"
::1 - - [31/Oct/2022:10:34:25 +0000] "POST /api/v1/shops/all HTTP/1.1" 404 1229 "-" "PostmanRuntime/7.29.2"
::1 - - [31/Oct/2022:10:35:18 +0000] "GET /api/v1/shops/all HTTP/1.1" 200 2295 "-" "PostmanRuntime/7.29.2"
::1 - - [31/Oct/2022:12:43:17 +0000] "GET /api/v1/shops/all HTTP/1.1" 200 1924 "-" "PostmanRuntime/7.29.2"
::1 - - [31/Oct/2022:12:45:13 +0000] "GET /api/v1/shops/all HTTP/1.1" 200 1924 "-" "PostmanRuntime/7.29.2"
::1 - - [31/Oct/2022:12:48:22 +0000] "PUT /api/v1/shops/new HTTP/1.1" 500 47 "-" "PostmanRuntime/7.29.2"
::1 - - [31/Oct/2022:12:49:30 +0000] "PUT /api/v1/shops/635f775d83cb15d264caf7b7 HTTP/1.1" 500 47 "-" "PostmanRuntime/7.29.2"
::1 - - [31/Oct/2022:12:49:33 +0000] "PUT /api/v1/shops/635f775d83cb15d264caf7b7 HTTP/1.1" 500 47 "-" "PostmanRuntime/7.29.2"
::1 - - [31/Oct/2022:12:51:39 +0000] "PUT /api/v1/shops/635f775d83cb15d264caf7b7 HTTP/1.1" 500 47 "-" "PostmanRuntime/7.29.2"
::1 - - [31/Oct/2022:12:52:52 +0000] "PUT /api/v1/shops/635f775d83cb15d264caf7b7 HTTP/1.1" 500 485 "-" "PostmanRuntime/7.29.2"
::1 - - [31/Oct/2022:12:53:03 +0000] "PUT /api/v1/shops/635f775d83cb15d264caf7b7 HTTP/1.1" 401 46 "-" "PostmanRuntime/7.29.2"
::1 - - [31/Oct/2022:12:59:10 +0000] "PUT /api/v1/shops/635f775d83cb15d264caf7b7 HTTP/1.1" 401 46 "-" "PostmanRuntime/7.29.2"
::1 - - [31/Oct/2022:13:00:17 +0000] "PUT /api/v1/shops/635f775d83cb15d264caf7b7 HTTP/1.1" 500 47 "-" "PostmanRuntime/7.29.2"
::1 - - [31/Oct/2022:13:00:45 +0000] "PUT /api/v1/shops/635f775d83cb15d264caf7b7 HTTP/1.1" 401 46 "-" "PostmanRuntime/7.29.2"
::1 - - [31/Oct/2022:13:01:31 +0000] "PUT /api/v1/shops/635f775d83cb15d264caf7b7 HTTP/1.1" 500 485 "-" "PostmanRuntime/7.29.2"
::1 - - [31/Oct/2022:13:02:21 +0000] "PUT /api/v1/shops/635f775d83cb15d264caf7b7 HTTP/1.1" 401 46 "-" "PostmanRuntime/7.29.2"
::1 - - [31/Oct/2022:13:03:06 +0000] "PUT /api/v1/shops/635f775d83cb15d264caf7b7 HTTP/1.1" 401 46 "-" "PostmanRuntime/7.29.2"
::1 - - [31/Oct/2022:13:04:57 +0000] "GET /api/v1/shops/all HTTP/1.1" 200 1924 "-" "PostmanRuntime/7.29.2"
::1 - - [31/Oct/2022:13:05:36 +0000] "GET /api/v1/products/latest HTTP/1.1" 200 71161 "-" "PostmanRuntime/7.29.2"
::1 - - [31/Oct/2022:13:06:15 +0000] "GET /api/v1/shops/all HTTP/1.1" 200 1924 "-" "PostmanRuntime/7.29.2"
::1 - - [31/Oct/2022:13:07:34 +0000] "PUT /api/v1/shops/635f775d83cb15d264caf7b7 HTTP/1.1" 500 485 "-" "PostmanRuntime/7.29.2"
::1 - - [31/Oct/2022:13:07:51 +0000] "PUT /api/v1/shops/635f775d83cb15d264caf7b7 HTTP/1.1" 500 485 "-" "PostmanRuntime/7.29.2"
::1 - - [31/Oct/2022:13:10:00 +0000] "PUT /api/v1/shops/635f775d83cb15d264caf7b7 HTTP/1.1" 200 914 "-" "PostmanRuntime/7.29.2"
::1 - - [31/Oct/2022:13:10:52 +0000] "PUT /api/v1/shops/635f775d83cb15d264caf7b7 HTTP/1.1" 401 46 "-" "PostmanRuntime/7.29.2"
::1 - - [31/Oct/2022:13:11:50 +0000] "PUT /api/v1/shops/635f775d83cb15d264caf7b7 HTTP/1.1" 500 47 "-" "PostmanRuntime/7.29.2"
::1 - - [31/Oct/2022:13:12:19 +0000] "PUT /api/v1/shops/635f775d83cb15d264caf7b7 HTTP/1.1" 200 914 "-" "PostmanRuntime/7.29.2"
::1 - - [31/Oct/2022:13:13:09 +0000] "PUT /api/v1/shops/635f775d83cb15d264caf7b7 HTTP/1.1" 401 46 "-" "PostmanRuntime/7.29.2"
::1 - - [31/Oct/2022:13:13:34 +0000] "PUT /api/v1/shops/635f775d83cb15d264caf7b7 HTTP/1.1" 401 46 "-" "PostmanRuntime/7.29.2"
::1 - - [31/Oct/2022:13:14:06 +0000] "PUT /api/v1/shops/635f775d83cb15d264caf7b7 HTTP/1.1" 401 46 "-" "PostmanRuntime/7.29.2"
::1 - - [31/Oct/2022:13:15:30 +0000] "PUT /api/v1/shops/635f775d83cb15d264caf7b7 HTTP/1.1" 500 485 "-" "PostmanRuntime/7.29.2"
::1 - - [31/Oct/2022:13:26:31 +0000] "PUT /api/v1/shops/635f775d83cb15d264caf7b7 HTTP/1.1" 401 46 "-" "PostmanRuntime/7.29.2"
::1 - - [31/Oct/2022:13:27:15 +0000] "POST /api/v1/shops/new HTTP/1.1" 200 824 "-" "PostmanRuntime/7.29.2"
::1 - - [31/Oct/2022:13:43:28 +0000] "GET /api/v1/shops/shop/?name=Giant%20Shop HTTP/1.1" 200 795 "-" "PostmanRuntime/7.29.2"
::1 - - [31/Oct/2022:13:44:13 +0000] "GET /api/v1/shops/shop/?name=Konga%20Shop HTTP/1.1" 200 795 "-" "PostmanRuntime/7.29.2"
::1 - - [31/Oct/2022:13:44:27 +0000] "GET /api/v1/shops/shop/?name=Jumia%20Shop HTTP/1.1" 200 791 "-" "PostmanRuntime/7.29.2"
::1 - - [31/Oct/2022:13:52:23 +0000] "GET /api/v1/products/ HTTP/1.1" 200 71161 "-" "PostmanRuntime/7.29.2"
::1 - - [31/Oct/2022:13:53:25 +0000] "GET /api/v1/products/latest HTTP/1.1" 200 71161 "-" "PostmanRuntime/7.29.2"
::1 - - [31/Oct/2022:13:53:37 +0000] "GET /api/v1/products/635da30069151c074399500c HTTP/1.1" 200 953 "-" "PostmanRuntime/7.29.2"
::1 - - [31/Oct/2022:13:54:17 +0000] "DELETE /api/v1/shops/635fcd3277107483078ffa01 HTTP/1.1" - - "-" "PostmanRuntime/7.29.2"
::1 - - [31/Oct/2022:13:54:43 +0000] "GET /api/v1/shops/shop/?name=Giant%20Shop HTTP/1.1" 200 795 "-" "PostmanRuntime/7.29.2"
::1 - - [31/Oct/2022:16:44:27 +0000] "POST /api/v1/shops/new HTTP/1.1" 409 75 "-" "PostmanRuntime/7.29.2"
::1 - - [31/Oct/2022:16:46:28 +0000] "POST /api/v1/shops/new HTTP/1.1" 500 485 "-" "PostmanRuntime/7.29.2"
::1 - - [31/Oct/2022:16:47:02 +0000] "POST /api/v1/shops/new HTTP/1.1" 409 75 "-" "PostmanRuntime/7.29.2"
::1 - - [31/Oct/2022:16:47:55 +0000] "GET /api/v1/shops/shop/?name=Giant%20Shop HTTP/1.1" 200 795 "-" "PostmanRuntime/7.29.2"
::1 - - [31/Oct/2022:16:48:21 +0000] "DELETE /api/v1/shops/635fcd3277107483078ffa01 HTTP/1.1" - - "-" "PostmanRuntime/7.29.2"
::1 - - [31/Oct/2022:17:01:37 +0000] "DELETE /api/v1/shops/635fcd3277107483078ffa01 HTTP/1.1" - - "-" "PostmanRuntime/7.29.2"
::1 - - [31/Oct/2022:17:01:45 +0000] "GET /api/v1/shops/shop/?name=Giant%20Shop HTTP/1.1" 404 41 "-" "PostmanRuntime/7.29.2"
::1 - - [31/Oct/2022:17:07:19 +0000] "POST /api/v1/shops/new HTTP/1.1" 500 485 "-" "PostmanRuntime/7.29.2"
::1 - - [31/Oct/2022:17:08:24 +0000] "POST /api/v1/shops/new HTTP/1.1" 200 977 "-" "PostmanRuntime/7.29.2"
::1 - - [31/Oct/2022:17:08:39 +0000] "GET /api/v1/shops/shop/?name=Giant%20Shop HTTP/1.1" 200 948 "-" "PostmanRuntime/7.29.2"
::1 - - [31/Oct/2022:17:10:48 +0000] "DELETE /api/v1/shops/636001085a5cd6c4d2e239ab HTTP/1.1" 200 53 "-" "PostmanRuntime/7.29.2"
::1 - - [31/Oct/2022:17:14:14 +0000] "DELETE /api/v1/shops/636001085a5cd6c4d2e239ab HTTP/1.1" - - "-" "PostmanRuntime/7.29.2"
::1 - - [31/Oct/2022:17:14:19 +0000] "DELETE /api/v1/shops/636001085a5cd6c4d2e239ab HTTP/1.1" 200 53 "-" "PostmanRuntime/7.29.2"
::1 - - [31/Oct/2022:17:19:27 +0000] "GET /api/v1/shops/shop/?name=Giant%20Shop HTTP/1.1" 200 948 "-" "PostmanRuntime/7.29.2"
::1 - - [31/Oct/2022:17:21:24 +0000] "GET /api/v1/shops/shop/?name=Giant%20Shop HTTP/1.1" 200 948 "-" "PostmanRuntime/7.29.2"
::1 - - [31/Oct/2022:17:21:27 +0000] "DELETE /api/v1/shops/636001085a5cd6c4d2e239ab HTTP/1.1" 200 53 "-" "PostmanRuntime/7.29.2"
::1 - - [31/Oct/2022:17:28:06 +0000] "DELETE /api/v1/shops/636001085a5cd6c4d2e239ab HTTP/1.1" - - "-" "PostmanRuntime/7.29.2"
::1 - - [31/Oct/2022:17:28:11 +0000] "DELETE /api/v1/shops/636001085a5cd6c4d2e239ab HTTP/1.1" 200 65 "-" "PostmanRuntime/7.29.2"
::1 - - [31/Oct/2022:17:34:14 +0000] "DELETE /api/v1/shops/636001085a5cd6c4d2e239ab HTTP/1.1" 200 65 "-" "PostmanRuntime/7.29.2"
::1 - - [31/Oct/2022:18:06:40 +0000] "DELETE /api/v1/shops/636001085a5cd6c4d2e239ab HTTP/1.1" 500 485 "-" "PostmanRuntime/7.29.2"
::1 - - [31/Oct/2022:18:16:24 +0000] "DELETE /api/v1/shops/636001085a5cd6c4d2e239ab HTTP/1.1" 200 963 "-" "PostmanRuntime/7.29.2"
::1 - - [31/Oct/2022:18:18:36 +0000] "DELETE /api/v1/shops/636001085a5cd6c4d2e239ab HTTP/1.1" 200 65 "-" "PostmanRuntime/7.29.2"
::1 - - [31/Oct/2022:18:20:58 +0000] "DELETE /api/v1/shops/636001085a5cd6c4d2e239ab HTTP/1.1" 200 963 "-" "PostmanRuntime/7.29.2"
::1 - - [31/Oct/2022:18:23:29 +0000] "DELETE /api/v1/shops/636001085a5cd6c4d2e239ab HTTP/1.1" 200 845 "-" "PostmanRuntime/7.29.2"
::1 - - [31/Oct/2022:18:23:36 +0000] "GET /api/v1/shops/shop/?name=Giant%20Shop HTTP/1.1" 404 41 "-" "PostmanRuntime/7.29.2"
::1 - - [31/Oct/2022:18:30:43 +0000] "DELETE /api/v1/shops/636001085a5cd6c4d2e239ab HTTP/1.1" 200 65 "-" "PostmanRuntime/7.29.2"
::1 - - [31/Oct/2022:18:40:41 +0000] "DELETE /api/v1/shops/636001085a5cd6c4d2e239ab HTTP/1.1" 404 41 "-" "PostmanRuntime/7.29.2"
